[1.009][INFO]: COMMAND InitSession {
   "desiredCapabilities": {
      "browserName": "chrome",
      "chromeOptions": {
         "args": [  ],
         "binary": "/usr/bin/google-chrome",
         "extensions": [  ]
      },
      "javascriptEnabled": true,
      "platform": "ANY",
      "version": ""
   },
   "requiredCapabilities": {

   }
}
[1.010][INFO]: Populating Preferences file: {
   "alternate_error_pages": {
      "enabled": false
   },
   "autofill": {
      "enabled": false
   },
   "browser": {
      "check_default_browser": false
   },
   "distribution": {
      "import_bookmarks": false,
      "import_history": false,
      "import_search_engine": false,
      "make_chrome_default_for_user": false,
      "show_welcome_page": false,
      "skip_first_run_ui": true
   },
   "dns_prefetching": {
      "enabled": false
   },
   "profile": {
      "content_settings": {
         "pattern_pairs": {
            "https://*,*": {
               "media-stream": {
                  "audio": "Default",
                  "video": "Default"
               }
            }
         }
      },
      "default_content_setting_values": {
         "geolocation": 1
      },
      "default_content_settings": {
         "geolocation": 1,
         "mouselock": 1,
         "notifications": 1,
         "popups": 1,
         "ppapi-broker": 1
      },
      "password_manager_enabled": false
   },
   "safebrowsing": {
      "enabled": false
   },
   "search": {
      "suggest_enabled": false
   },
   "translate": {
      "enabled": false
   }
}
[1.011][INFO]: Populating Local State file: {
   "background_mode": {
      "enabled": false
   },
   "ssl": {
      "rev_checking": {
         "enabled": false
      }
   }
}
[1.015][INFO]: Launching chrome: /usr/bin/google-chrome --disable-background-networking --disable-client-side-phishing-detection --disable-component-update --disable-default-apps --disable-hang-monitor --disable-popup-blocking --disable-prompt-on-repost --disable-sync --disable-web-resources --enable-logging --ignore-certificate-errors --load-extension=/tmp/.com.google.Chrome.9FVs44/internal --log-level=0 --metrics-recording-only --no-first-run --password-store=basic --remote-debugging-port=12792 --safebrowsing-disable-auto-update --test-type=webdriver --use-mock-keychain --user-data-dir=/tmp/.com.google.Chrome.klnamm data:,
[1.016][DEBUG]: DevTools request: http://localhost:12792/json/version
[1.095][DEBUG]: DevTools request failed
[1.145][DEBUG]: DevTools request: http://localhost:12792/json/version
[1.146][DEBUG]: DevTools request failed
[1.196][DEBUG]: DevTools request: http://localhost:12792/json/version
[1.197][DEBUG]: DevTools request failed
[1.247][DEBUG]: DevTools request: http://localhost:12792/json/version
[1.248][DEBUG]: DevTools request failed
[1.298][DEBUG]: DevTools request: http://localhost:12792/json/version
[1.359][DEBUG]: DevTools response: {
   "Browser": "Chrome/51.0.2704.106",
   "Protocol-Version": "1.1",
   "User-Agent": "Mozilla/5.0 (X11; Linux x86_64) AppleWebKit/537.36 (KHTML, like Gecko) Chrome/51.0.2704.106 Safari/537.36",
   "WebKit-Version": "537.36 (@27e9e15b411edc75a2233a9ad11dc7ae86e243fd)"
}

[1.359][DEBUG]: DevTools request: http://localhost:12792/json
[1.359][DEBUG]: DevTools response: [ {
   "description": "",
   "devtoolsFrontendUrl": "/devtools/inspector.html?ws=localhost:12792/devtools/page/F1FB9C10-CA5A-4F45-ACC7-C04BD1BE6EE9",
   "faviconUrl": "chrome://extension-icon/aapnijgdinlhnhlmodcfapnahmbfebeb/24/1",
   "id": "F1FB9C10-CA5A-4F45-ACC7-C04BD1BE6EE9",
   "title": "Chrome Automation Extension",
   "type": "background_page",
   "url": "chrome-extension://aapnijgdinlhnhlmodcfapnahmbfebeb/_generated_background_page.html",
   "webSocketDebuggerUrl": "ws://localhost:12792/devtools/page/F1FB9C10-CA5A-4F45-ACC7-C04BD1BE6EE9"
}, {
   "description": "",
   "devtoolsFrontendUrl": "/devtools/inspector.html?ws=localhost:12792/devtools/page/B7B4B617-EC9C-4A8D-9CC7-DCB992592038",
   "id": "B7B4B617-EC9C-4A8D-9CC7-DCB992592038",
   "title": "",
   "type": "page",
   "url": "data:,",
   "webSocketDebuggerUrl": "ws://localhost:12792/devtools/page/B7B4B617-EC9C-4A8D-9CC7-DCB992592038"
} ]

[1.360][DEBUG]: DevTools request: http://localhost:12792/json
[1.360][DEBUG]: DevTools response: [ {
   "description": "",
   "devtoolsFrontendUrl": "/devtools/inspector.html?ws=localhost:12792/devtools/page/F1FB9C10-CA5A-4F45-ACC7-C04BD1BE6EE9",
   "faviconUrl": "chrome://extension-icon/aapnijgdinlhnhlmodcfapnahmbfebeb/24/1",
   "id": "F1FB9C10-CA5A-4F45-ACC7-C04BD1BE6EE9",
   "title": "Chrome Automation Extension",
   "type": "background_page",
   "url": "chrome-extension://aapnijgdinlhnhlmodcfapnahmbfebeb/_generated_background_page.html",
   "webSocketDebuggerUrl": "ws://localhost:12792/devtools/page/F1FB9C10-CA5A-4F45-ACC7-C04BD1BE6EE9"
}, {
   "description": "",
   "devtoolsFrontendUrl": "/devtools/inspector.html?ws=localhost:12792/devtools/page/B7B4B617-EC9C-4A8D-9CC7-DCB992592038",
   "id": "B7B4B617-EC9C-4A8D-9CC7-DCB992592038",
   "title": "",
   "type": "page",
   "url": "data:,",
   "webSocketDebuggerUrl": "ws://localhost:12792/devtools/page/B7B4B617-EC9C-4A8D-9CC7-DCB992592038"
} ]

[1.361][INFO]: resolved localhost to ["127.0.0.1"]
[1.361][DEBUG]: DEVTOOLS COMMAND Console.enable (id=1) {

}
[1.362][DEBUG]: DEVTOOLS COMMAND DOM.getDocument (id=2) {

}
[1.363][DEBUG]: DEVTOOLS COMMAND Runtime.enable (id=3) {

}
[1.363][DEBUG]: DEVTOOLS COMMAND Page.enable (id=4) {

}
[1.363][DEBUG]: DEVTOOLS COMMAND Page.enable (id=5) {

}
[1.424][DEBUG]: DEVTOOLS RESPONSE Console.enable (id=1) {

}
[1.424][DEBUG]: DEVTOOLS RESPONSE DOM.getDocument (id=2) {
   "root": {
      "baseURL": "",
      "childNodeCount": 1,
      "children": [ {
         "attributes": [  ],
         "childNodeCount": 2,
         "children": [ {
            "attributes": [  ],
            "childNodeCount": 0,
            "localName": "head",
            "nodeId": 3,
            "nodeName": "HEAD",
            "nodeType": 1,
            "nodeValue": ""
         }, {
            "attributes": [  ],
            "childNodeCount": 0,
            "localName": "body",
            "nodeId": 4,
            "nodeName": "BODY",
            "nodeType": 1,
            "nodeValue": ""
         } ],
         "frameId": "5196.2",
         "localName": "html",
         "nodeId": 2,
         "nodeName": "HTML",
         "nodeType": 1,
         "nodeValue": ""
      } ],
      "documentURL": "",
      "localName": "",
      "nodeId": 1,
      "nodeName": "#document",
      "nodeType": 9,
      "nodeValue": "",
      "xmlVersion": ""
   }
}
[1.424][DEBUG]: DEVTOOLS RESPONSE Runtime.enable (id=3) {

}
[1.424][DEBUG]: DEVTOOLS RESPONSE Page.enable (id=4) {

}
[1.424][DEBUG]: DEVTOOLS RESPONSE Page.enable (id=5) {

}
[1.424][DEBUG]: DEVTOOLS COMMAND Page.enable (id=6) {

}
[1.446][DEBUG]: DEVTOOLS EVENT Page.frameNavigated {
   "frame": {
      "id": "5196.2",
      "loaderId": "5196.3",
      "mimeType": "text/plain",
      "securityOrigin": "://",
      "url": "data:,"
   }
}
[1.446][DEBUG]: DEVTOOLS EVENT Console.messagesCleared {

}
[1.446][DEBUG]: DEVTOOLS EVENT Runtime.executionContextsCleared {

}
[1.447][DEBUG]: DEVTOOLS EVENT Runtime.executionContextCreated {
   "context": {
      "frameId": "5196.2",
      "id": 1,
      "isDefault": true,
      "name": "",
      "origin": "://"
   }
}
[1.447][DEBUG]: DEVTOOLS RESPONSE Page.enable (id=6) {

}
[1.447][DEBUG]: DEVTOOLS COMMAND Runtime.evaluate (id=7) {
   "expression": "(function() { // Copyright (c) 2012 The Chromium Authors. All rights reserved.\n// Use of this source code is governed by a BSD-style license that can be\n// found in the LICENSE file.\n\n/**\n * Enum f...",
   "returnByValue": true
}
[1.453][DEBUG]: DEVTOOLS EVENT Page.loadEventFired {
   "timestamp": 3477.77464
}
[1.453][DEBUG]: DEVTOOLS EVENT Page.frameStoppedLoading {
   "frameId": "5196.2"
}
[1.453][DEBUG]: DEVTOOLS EVENT DOM.documentUpdated {

}
[1.453][DEBUG]: DEVTOOLS COMMAND DOM.getDocument (id=8) {

}
[1.454][DEBUG]: DEVTOOLS EVENT Page.domContentEventFired {
   "timestamp": 3477.776057
}
[1.458][DEBUG]: DEVTOOLS RESPONSE Runtime.evaluate (id=7) {
   "result": {
      "type": "object",
      "value": {
         "status": 0,
         "value": 1
      }
   },
   "wasThrown": false
}
[1.463][DEBUG]: DEVTOOLS RESPONSE DOM.getDocument (id=8) {
   "root": {
      "baseURL": "data:,",
      "childNodeCount": 1,
      "children": [ {
         "attributes": [  ],
         "childNodeCount": 2,
         "children": [ {
            "attributes": [  ],
            "childNodeCount": 0,
            "localName": "head",
            "nodeId": 7,
            "nodeName": "HEAD",
            "nodeType": 1,
            "nodeValue": ""
         }, {
            "attributes": [  ],
            "childNodeCount": 1,
            "localName": "body",
            "nodeId": 8,
            "nodeName": "BODY",
            "nodeType": 1,
            "nodeValue": ""
         } ],
         "frameId": "5196.2",
         "localName": "html",
         "nodeId": 6,
         "nodeName": "HTML",
         "nodeType": 1,
         "nodeValue": ""
      } ],
      "documentURL": "data:,",
      "localName": "",
      "nodeId": 5,
      "nodeName": "#document",
      "nodeType": 9,
      "nodeValue": "",
      "xmlVersion": ""
   }
}
[1.463][INFO]: RESPONSE InitSession {
   "acceptSslCerts": true,
   "applicationCacheEnabled": false,
   "browserConnectionEnabled": false,
   "browserName": "chrome",
   "chrome": {
      "chromedriverVersion": "2.22.397932 (282ed7cf89cf0053b6542e0d0f039d4123bbb6ad)",
      "userDataDir": "/tmp/.com.google.Chrome.klnamm"
   },
   "cssSelectorsEnabled": true,
   "databaseEnabled": false,
   "handlesAlerts": true,
   "hasTouchScreen": false,
   "javascriptEnabled": true,
   "locationContextEnabled": true,
   "mobileEmulationEnabled": false,
   "nativeEvents": true,
   "platform": "Linux",
   "rotatable": false,
   "takesHeapSnapshot": true,
   "takesScreenshot": true,
   "version": "51.0.2704.106",
   "webStorageEnabled": true
}
[1.466][INFO]: COMMAND SetImplicitWait {
   "ms": 3000.0,
   "sessionId": "7bc6dc9be9b27389fca1e282a80ad4ee"
}
[1.466][INFO]: RESPONSE SetImplicitWait
[1.467][INFO]: COMMAND Navigate {
   "sessionId": "7bc6dc9be9b27389fca1e282a80ad4ee",
   "url": "http://localhost:8081"
}
[1.467][INFO]: Waiting for pending navigations...
[1.467][DEBUG]: DEVTOOLS COMMAND Runtime.evaluate (id=9) {
   "expression": "1"
}
[1.468][DEBUG]: DEVTOOLS RESPONSE Runtime.evaluate (id=9) {
   "result": {
      "description": "1",
      "type": "number",
      "value": 1
   },
   "wasThrown": false
}
[1.469][INFO]: Done waiting for pending navigations. Status: ok
[1.469][DEBUG]: DEVTOOLS COMMAND Page.navigate (id=10) {
   "url": "http://localhost:8081"
}
[1.576][DEBUG]: DEVTOOLS EVENT Runtime.executionContextsCleared {

}
[1.576][DEBUG]: DEVTOOLS EVENT Console.messagesCleared {

}
[1.576][DEBUG]: DEVTOOLS RESPONSE Page.navigate (id=10) {
   "frameId": "5219.2"
}
[1.576][INFO]: Waiting for pending navigations...
[1.576][DEBUG]: DEVTOOLS EVENT Page.frameStartedLoading {
   "frameId": "5219.2"
}
[1.576][DEBUG]: DEVTOOLS COMMAND Runtime.evaluate (id=11) {
   "expression": "1"
}
[1.585][DEBUG]: DEVTOOLS EVENT Page.frameNavigated {
   "frame": {
      "id": "5219.2",
      "loaderId": "5219.3",
      "mimeType": "text/html",
      "securityOrigin": "http://localhost:8081",
      "url": "http://localhost:8081/"
   }
}
[1.585][DEBUG]: DEVTOOLS EVENT Console.messagesCleared {

}
[1.585][DEBUG]: DEVTOOLS EVENT Runtime.executionContextsCleared {

}
[1.585][DEBUG]: DEVTOOLS EVENT Runtime.executionContextCreated {
   "context": {
      "frameId": "5219.2",
      "id": 1,
      "isDefault": true,
      "name": "",
      "origin": "http://localhost:8081"
   }
}
[1.589][DEBUG]: DEVTOOLS RESPONSE Runtime.evaluate (id=11) {
   "result": {
      "description": "1",
      "type": "number",
      "value": 1
   },
   "wasThrown": false
}
[1.695][DEBUG]: DEVTOOLS EVENT Page.loadEventFired {
   "timestamp": 3478.018314
}
[1.696][DEBUG]: DEVTOOLS EVENT Page.frameStoppedLoading {
   "frameId": "5219.2"
}
[1.696][DEBUG]: DEVTOOLS EVENT DOM.documentUpdated {

}
[1.696][DEBUG]: DEVTOOLS COMMAND DOM.getDocument (id=12) {

}
[1.696][DEBUG]: DEVTOOLS EVENT Page.domContentEventFired {
   "timestamp": 3478.018429
}
[1.697][DEBUG]: DEVTOOLS RESPONSE DOM.getDocument (id=12) {
   "root": {
      "baseURL": "http://localhost:8081/",
      "childNodeCount": 2,
      "children": [ {
         "localName": "",
         "nodeId": 2,
         "nodeName": "html",
         "nodeType": 10,
         "nodeValue": "",
         "publicId": "",
         "systemId": ""
      }, {
         "attributes": [ "lang", "en" ],
         "childNodeCount": 2,
         "children": [ {
            "attributes": [  ],
            "childNodeCount": 6,
            "localName": "head",
            "nodeId": 4,
            "nodeName": "HEAD",
            "nodeType": 1,
            "nodeValue": ""
         }, {
            "attributes": [  ],
            "childNodeCount": 3,
            "localName": "body",
            "nodeId": 5,
            "nodeName": "BODY",
            "nodeType": 1,
            "nodeValue": ""
         } ],
         "frameId": "5219.2",
         "localName": "html",
         "nodeId": 3,
         "nodeName": "HTML",
         "nodeType": 1,
         "nodeValue": ""
      } ],
      "documentURL": "http://localhost:8081/",
      "localName": "",
      "nodeId": 1,
      "nodeName": "#document",
      "nodeType": 9,
      "nodeValue": "",
      "xmlVersion": ""
   }
}
[1.697][DEBUG]: DEVTOOLS COMMAND Runtime.evaluate (id=13) {
   "expression": "1"
}
[1.699][DEBUG]: DEVTOOLS RESPONSE Runtime.evaluate (id=13) {
   "result": {
      "description": "1",
      "type": "number",
      "value": 1
   },
   "wasThrown": false
}
[1.699][INFO]: Done waiting for pending navigations. Status: ok
[1.699][INFO]: RESPONSE Navigate
[1.700][INFO]: COMMAND FindElement {
   "sessionId": "7bc6dc9be9b27389fca1e282a80ad4ee",
   "using": "id",
   "value": "id_text"
}
[1.700][INFO]: Waiting for pending navigations...
[1.700][DEBUG]: DEVTOOLS COMMAND Runtime.evaluate (id=14) {
   "expression": "1"
}
[1.700][DEBUG]: DEVTOOLS RESPONSE Runtime.evaluate (id=14) {
   "result": {
      "description": "1",
      "type": "number",
      "value": 1
   },
   "wasThrown": false
}
[1.700][INFO]: Done waiting for pending navigations. Status: ok
[1.703][DEBUG]: DEVTOOLS COMMAND Runtime.evaluate (id=15) {
   "expression": "(function() { // Copyright (c) 2012 The Chromium Authors. All rights reserved.\n// Use of this source code is governed by a BSD-style license that can be\n// found in the LICENSE file.\n\n/**\n * Enum f...",
   "returnByValue": true
}
[1.707][DEBUG]: DEVTOOLS EVENT Console.messageAdded {
   "message": {
      "column": 0,
      "level": "error",
      "line": 0,
      "networkRequestId": "5219.9",
      "source": "network",
      "text": "Failed to load resource: the server responded with a status of 404 (NOT FOUND)",
      "timestamp": 1468997262.09458,
      "type": "log",
      "url": "http://localhost:8081/favicon.ico"
   }
}
[1.722][DEBUG]: DEVTOOLS RESPONSE Runtime.evaluate (id=15) {
   "result": {
      "type": "object",
      "value": {
         "status": 0,
         "value": {
            "ELEMENT": "0.6216125923475035-1"
         }
      }
   },
   "wasThrown": false
}
[1.722][INFO]: Waiting for pending navigations...
[1.722][DEBUG]: DEVTOOLS COMMAND Runtime.evaluate (id=16) {
   "expression": "1"
}
[1.723][DEBUG]: DEVTOOLS RESPONSE Runtime.evaluate (id=16) {
   "result": {
      "description": "1",
      "type": "number",
      "value": 1
   },
   "wasThrown": false
}
[1.723][INFO]: Done waiting for pending navigations. Status: ok
[1.723][INFO]: RESPONSE FindElement {
   "ELEMENT": "0.6216125923475035-1"
}
[1.725][INFO]: COMMAND TypeElement {
   "id": "0.6216125923475035-1",
   "sessionId": "7bc6dc9be9b27389fca1e282a80ad4ee",
   "value": [ "\n" ]
}
[1.725][INFO]: Waiting for pending navigations...
[1.725][DEBUG]: DEVTOOLS COMMAND Runtime.evaluate (id=17) {
   "expression": "1"
}
[1.726][DEBUG]: DEVTOOLS RESPONSE Runtime.evaluate (id=17) {
   "result": {
      "description": "1",
      "type": "number",
      "value": 1
   },
   "wasThrown": false
}
[1.726][INFO]: Done waiting for pending navigations. Status: ok
[1.726][DEBUG]: DEVTOOLS COMMAND Runtime.evaluate (id=18) {
   "expression": "(function() { // Copyright (c) 2012 The Chromium Authors. All rights reserved.\n// Use of this source code is governed by a BSD-style license that can be\n// found in the LICENSE file.\n\n/**\n * Enum f...",
   "returnByValue": true
}
[1.732][DEBUG]: DEVTOOLS RESPONSE Runtime.evaluate (id=18) {
   "result": {
      "type": "object",
      "value": {
         "status": 0,
         "value": "INPUT"
      }
   },
   "wasThrown": false
}
[1.733][DEBUG]: DEVTOOLS COMMAND Runtime.evaluate (id=19) {
   "expression": "(function() { // Copyright (c) 2012 The Chromium Authors. All rights reserved.\n// Use of this source code is governed by a BSD-style license that can be\n// found in the LICENSE file.\n\n/**\n * Enum f...",
   "returnByValue": true
}
[1.738][DEBUG]: DEVTOOLS RESPONSE Runtime.evaluate (id=19) {
   "result": {
      "type": "object",
      "value": {
         "status": 0,
         "value": "text"
      }
   },
   "wasThrown": false
}
[1.739][DEBUG]: DEVTOOLS COMMAND Runtime.evaluate (id=20) {
   "expression": "(function() { // Copyright (c) 2012 The Chromium Authors. All rights reserved.\n// Use of this source code is governed by a BSD-style license that can be\n// found in the LICENSE file.\n\n/**\n * Enum f...",
   "returnByValue": true
}
[1.749][DEBUG]: DEVTOOLS RESPONSE Runtime.evaluate (id=20) {
   "result": {
      "type": "object",
      "value": {
         "status": 0,
         "value": true
      }
   },
   "wasThrown": false
}
[1.749][DEBUG]: DEVTOOLS COMMAND Runtime.evaluate (id=21) {
   "expression": "(function() { // Copyright (c) 2012 The Chromium Authors. All rights reserved.\n// Use of this source code is governed by a BSD-style license that can be\n// found in the LICENSE file.\n\n/**\n * Enum f...",
   "returnByValue": true
}
[1.753][DEBUG]: DEVTOOLS RESPONSE Runtime.evaluate (id=21) {
   "result": {
      "type": "object",
      "value": {
         "status": 0,
         "value": true
      }
   },
   "wasThrown": false
}
[1.753][DEBUG]: DEVTOOLS COMMAND Runtime.evaluate (id=22) {
   "expression": "(function() { // Copyright (c) 2012 The Chromium Authors. All rights reserved.\n// Use of this source code is governed by a BSD-style license that can be\n// found in the LICENSE file.\n\n/**\n * Enum f...",
   "returnByValue": true
}
[1.756][DEBUG]: DEVTOOLS RESPONSE Runtime.evaluate (id=22) {
   "result": {
      "type": "object",
      "value": {
         "status": 0,
         "value": null
      }
   },
   "wasThrown": false
}
[1.756][DEBUG]: DEVTOOLS COMMAND Input.dispatchKeyEvent (id=23) {
   "modifiers": 0,
   "nativeVirtualKeyCode": 13,
   "text": "",
   "type": "rawKeyDown",
   "unmodifiedText": "",
   "windowsVirtualKeyCode": 13
}
[1.757][DEBUG]: DEVTOOLS RESPONSE Input.dispatchKeyEvent (id=23) {

}
[1.757][DEBUG]: DEVTOOLS COMMAND Input.dispatchKeyEvent (id=24) {
   "modifiers": 0,
   "nativeVirtualKeyCode": 0,
   "text": "\r",
   "type": "char",
   "unmodifiedText": "\r",
   "windowsVirtualKeyCode": 0
}
[1.757][DEBUG]: DEVTOOLS RESPONSE Input.dispatchKeyEvent (id=24) {

}
[1.757][DEBUG]: DEVTOOLS COMMAND Input.dispatchKeyEvent (id=25) {
   "modifiers": 0,
   "nativeVirtualKeyCode": 13,
   "text": "",
   "type": "keyUp",
   "unmodifiedText": "",
   "windowsVirtualKeyCode": 13
}
[1.757][DEBUG]: DEVTOOLS RESPONSE Input.dispatchKeyEvent (id=25) {

}
[1.757][INFO]: Waiting for pending navigations...
[1.757][DEBUG]: DEVTOOLS COMMAND Runtime.evaluate (id=26) {
   "expression": "1"
}
[1.761][DEBUG]: DEVTOOLS EVENT Page.frameScheduledNavigation {
   "delay": 0,
   "frameId": "5219.2"
}
[1.761][DEBUG]: DEVTOOLS RESPONSE Runtime.evaluate (id=26) {
   "result": {
      "description": "1",
      "type": "number",
      "value": 1
   },
   "wasThrown": false
}
[1.762][DEBUG]: DEVTOOLS EVENT Page.frameStartedLoading {
   "frameId": "5219.2"
}
[1.762][DEBUG]: DEVTOOLS EVENT Page.frameClearedScheduledNavigation {
   "frameId": "5219.2"
}
[1.762][DEBUG]: DEVTOOLS COMMAND Runtime.evaluate (id=27) {
   "expression": "1"
}
[1.767][DEBUG]: DEVTOOLS RESPONSE Runtime.evaluate (id=27) {
   "result": {
      "description": "1",
      "type": "number",
      "value": 1
   },
   "wasThrown": false
}
[1.779][DEBUG]: DEVTOOLS EVENT Runtime.executionContextDestroyed {
   "executionContextId": 1
}
[1.779][DEBUG]: DEVTOOLS EVENT Runtime.executionContextsCleared {

}
[1.779][DEBUG]: DEVTOOLS EVENT Runtime.executionContextCreated {
   "context": {
      "frameId": "5219.2",
      "id": 2,
      "isDefault": true,
      "name": "",
      "origin": "http://localhost:8081"
   }
}
[1.779][DEBUG]: DEVTOOLS EVENT Page.frameNavigated {
   "frame": {
      "id": "5219.2",
      "loaderId": "5219.5",
      "mimeType": "text/html",
      "securityOrigin": "http://localhost:8081",
      "url": "http://localhost:8081/lists/new"
   }
}
[1.779][DEBUG]: DEVTOOLS EVENT Console.messagesCleared {

}
[1.779][DEBUG]: DEVTOOLS COMMAND Runtime.evaluate (id=28) {
   "expression": "1"
}
[1.786][DEBUG]: DEVTOOLS RESPONSE Runtime.evaluate (id=28) {
   "result": {
      "description": "1",
      "type": "number",
      "value": 1
   },
   "wasThrown": false
}
[1.821][DEBUG]: DEVTOOLS EVENT Page.loadEventFired {
   "timestamp": 3478.146009
}
[1.821][DEBUG]: DEVTOOLS EVENT Page.frameStoppedLoading {
   "frameId": "5219.2"
}
[1.821][DEBUG]: DEVTOOLS EVENT DOM.documentUpdated {

}
[1.821][DEBUG]: DEVTOOLS COMMAND DOM.getDocument (id=29) {

}
[1.822][DEBUG]: DEVTOOLS EVENT Page.domContentEventFired {
   "timestamp": 3478.146094
}
[1.827][DEBUG]: DEVTOOLS RESPONSE DOM.getDocument (id=29) {
   "root": {
      "baseURL": "http://localhost:8081/lists/new",
      "childNodeCount": 2,
      "children": [ {
         "localName": "",
         "nodeId": 7,
         "nodeName": "html",
         "nodeType": 10,
         "nodeValue": "",
         "publicId": "",
         "systemId": ""
      }, {
         "attributes": [ "lang", "en" ],
         "childNodeCount": 2,
         "children": [ {
            "attributes": [  ],
            "childNodeCount": 6,
            "localName": "head",
            "nodeId": 9,
            "nodeName": "HEAD",
            "nodeType": 1,
            "nodeValue": ""
         }, {
            "attributes": [  ],
            "childNodeCount": 3,
            "localName": "body",
            "nodeId": 10,
            "nodeName": "BODY",
            "nodeType": 1,
            "nodeValue": ""
         } ],
         "frameId": "5219.2",
         "localName": "html",
         "nodeId": 8,
         "nodeName": "HTML",
         "nodeType": 1,
         "nodeValue": ""
      } ],
      "documentURL": "http://localhost:8081/lists/new",
      "localName": "",
      "nodeId": 6,
      "nodeName": "#document",
      "nodeType": 9,
      "nodeValue": "",
      "xmlVersion": ""
   }
}
[1.827][DEBUG]: DEVTOOLS COMMAND Runtime.evaluate (id=30) {
   "expression": "1"
}
[1.828][DEBUG]: DEVTOOLS RESPONSE Runtime.evaluate (id=30) {
   "result": {
      "description": "1",
      "type": "number",
      "value": 1
   },
   "wasThrown": false
}
[1.828][INFO]: Done waiting for pending navigations. Status: ok
[1.828][INFO]: RESPONSE TypeElement
[1.829][INFO]: COMMAND FindElement {
   "sessionId": "7bc6dc9be9b27389fca1e282a80ad4ee",
   "using": "css selector",
   "value": ".has-error"
}
[1.829][INFO]: Waiting for pending navigations...
[1.829][DEBUG]: DEVTOOLS COMMAND Runtime.evaluate (id=31) {
   "expression": "1"
}
[1.830][DEBUG]: DEVTOOLS RESPONSE Runtime.evaluate (id=31) {
   "result": {
      "description": "1",
      "type": "number",
      "value": 1
   },
   "wasThrown": false
}
[1.830][INFO]: Done waiting for pending navigations. Status: ok
[1.831][DEBUG]: DEVTOOLS COMMAND Runtime.evaluate (id=32) {
   "expression": "(function() { // Copyright (c) 2012 The Chromium Authors. All rights reserved.\n// Use of this source code is governed by a BSD-style license that can be\n// found in the LICENSE file.\n\n/**\n * Enum f...",
   "returnByValue": true
}
[1.844][DEBUG]: DEVTOOLS RESPONSE Runtime.evaluate (id=32) {
   "result": {
      "type": "object",
      "value": {
         "status": 0,
         "value": {
            "ELEMENT": "0.5948297181459501-1"
         }
      }
   },
   "wasThrown": false
}
[1.845][INFO]: Waiting for pending navigations...
[1.845][DEBUG]: DEVTOOLS COMMAND Runtime.evaluate (id=33) {
   "expression": "1"
}
[1.845][DEBUG]: DEVTOOLS RESPONSE Runtime.evaluate (id=33) {
   "result": {
      "description": "1",
      "type": "number",
      "value": 1
   },
   "wasThrown": false
}
[1.845][INFO]: Done waiting for pending navigations. Status: ok
[1.845][INFO]: RESPONSE FindElement {
   "ELEMENT": "0.5948297181459501-1"
}
[1.846][INFO]: COMMAND IsElementDisplayed {
   "id": "0.5948297181459501-1"
}
[1.846][INFO]: Waiting for pending navigations...
[1.846][DEBUG]: DEVTOOLS COMMAND Runtime.evaluate (id=34) {
   "expression": "1"
}
[1.847][DEBUG]: DEVTOOLS RESPONSE Runtime.evaluate (id=34) {
   "result": {
      "description": "1",
      "type": "number",
      "value": 1
   },
   "wasThrown": false
}
[1.847][INFO]: Done waiting for pending navigations. Status: ok
[1.848][DEBUG]: DEVTOOLS COMMAND Runtime.evaluate (id=35) {
   "expression": "(function() { // Copyright (c) 2012 The Chromium Authors. All rights reserved.\n// Use of this source code is governed by a BSD-style license that can be\n// found in the LICENSE file.\n\n/**\n * Enum f...",
   "returnByValue": true
}
[1.857][DEBUG]: DEVTOOLS RESPONSE Runtime.evaluate (id=35) {
   "result": {
      "type": "object",
      "value": {
         "status": 0,
         "value": true
      }
   },
   "wasThrown": false
}
[1.857][INFO]: Waiting for pending navigations...
[1.857][DEBUG]: DEVTOOLS COMMAND Runtime.evaluate (id=36) {
   "expression": "1"
}
[1.859][DEBUG]: DEVTOOLS RESPONSE Runtime.evaluate (id=36) {
   "result": {
      "description": "1",
      "type": "number",
      "value": 1
   },
   "wasThrown": false
}
[1.859][INFO]: Done waiting for pending navigations. Status: ok
[1.859][INFO]: RESPONSE IsElementDisplayed true
[1.860][INFO]: COMMAND FindElement {
   "sessionId": "7bc6dc9be9b27389fca1e282a80ad4ee",
   "using": "id",
   "value": "id_text"
}
[1.860][INFO]: Waiting for pending navigations...
[1.860][DEBUG]: DEVTOOLS COMMAND Runtime.evaluate (id=37) {
   "expression": "1"
}
[1.861][DEBUG]: DEVTOOLS RESPONSE Runtime.evaluate (id=37) {
   "result": {
      "description": "1",
      "type": "number",
      "value": 1
   },
   "wasThrown": false
}
[1.861][INFO]: Done waiting for pending navigations. Status: ok
[1.862][DEBUG]: DEVTOOLS COMMAND Runtime.evaluate (id=38) {
   "expression": "(function() { // Copyright (c) 2012 The Chromium Authors. All rights reserved.\n// Use of this source code is governed by a BSD-style license that can be\n// found in the LICENSE file.\n\n/**\n * Enum f...",
   "returnByValue": true
}
[1.873][DEBUG]: DEVTOOLS RESPONSE Runtime.evaluate (id=38) {
   "result": {
      "type": "object",
      "value": {
         "status": 0,
         "value": {
            "ELEMENT": "0.5948297181459501-2"
         }
      }
   },
   "wasThrown": false
}
[1.873][INFO]: Waiting for pending navigations...
[1.873][DEBUG]: DEVTOOLS COMMAND Runtime.evaluate (id=39) {
   "expression": "1"
}
[1.874][DEBUG]: DEVTOOLS RESPONSE Runtime.evaluate (id=39) {
   "result": {
      "description": "1",
      "type": "number",
      "value": 1
   },
   "wasThrown": false
}
[1.874][INFO]: Done waiting for pending navigations. Status: ok
[1.874][INFO]: RESPONSE FindElement {
   "ELEMENT": "0.5948297181459501-2"
}
[1.875][INFO]: COMMAND TypeElement {
   "id": "0.5948297181459501-2",
   "sessionId": "7bc6dc9be9b27389fca1e282a80ad4ee",
   "value": [ "a" ]
}
[1.875][INFO]: Waiting for pending navigations...
[1.875][DEBUG]: DEVTOOLS COMMAND Runtime.evaluate (id=40) {
   "expression": "1"
}
[1.876][DEBUG]: DEVTOOLS RESPONSE Runtime.evaluate (id=40) {
   "result": {
      "description": "1",
      "type": "number",
      "value": 1
   },
   "wasThrown": false
}
[1.876][INFO]: Done waiting for pending navigations. Status: ok
[1.877][DEBUG]: DEVTOOLS COMMAND Runtime.evaluate (id=41) {
   "expression": "(function() { // Copyright (c) 2012 The Chromium Authors. All rights reserved.\n// Use of this source code is governed by a BSD-style license that can be\n// found in the LICENSE file.\n\n/**\n * Enum f...",
   "returnByValue": true
}
[1.882][DEBUG]: DEVTOOLS RESPONSE Runtime.evaluate (id=41) {
   "result": {
      "type": "object",
      "value": {
         "status": 0,
         "value": "INPUT"
      }
   },
   "wasThrown": false
}
[1.883][DEBUG]: DEVTOOLS COMMAND Runtime.evaluate (id=42) {
   "expression": "(function() { // Copyright (c) 2012 The Chromium Authors. All rights reserved.\n// Use of this source code is governed by a BSD-style license that can be\n// found in the LICENSE file.\n\n/**\n * Enum f...",
   "returnByValue": true
}
[1.888][DEBUG]: DEVTOOLS RESPONSE Runtime.evaluate (id=42) {
   "result": {
      "type": "object",
      "value": {
         "status": 0,
         "value": "text"
      }
   },
   "wasThrown": false
}
[1.889][DEBUG]: DEVTOOLS COMMAND Runtime.evaluate (id=43) {
   "expression": "(function() { // Copyright (c) 2012 The Chromium Authors. All rights reserved.\n// Use of this source code is governed by a BSD-style license that can be\n// found in the LICENSE file.\n\n/**\n * Enum f...",
   "returnByValue": true
}
[1.898][DEBUG]: DEVTOOLS RESPONSE Runtime.evaluate (id=43) {
   "result": {
      "type": "object",
      "value": {
         "status": 0,
         "value": true
      }
   },
   "wasThrown": false
}
[1.898][DEBUG]: DEVTOOLS COMMAND Runtime.evaluate (id=44) {
   "expression": "(function() { // Copyright (c) 2012 The Chromium Authors. All rights reserved.\n// Use of this source code is governed by a BSD-style license that can be\n// found in the LICENSE file.\n\n/**\n * Enum f...",
   "returnByValue": true
}
[1.902][DEBUG]: DEVTOOLS RESPONSE Runtime.evaluate (id=44) {
   "result": {
      "type": "object",
      "value": {
         "status": 0,
         "value": true
      }
   },
   "wasThrown": false
}
[1.902][DEBUG]: DEVTOOLS COMMAND Runtime.evaluate (id=45) {
   "expression": "(function() { // Copyright (c) 2012 The Chromium Authors. All rights reserved.\n// Use of this source code is governed by a BSD-style license that can be\n// found in the LICENSE file.\n\n/**\n * Enum f...",
   "returnByValue": true
}
[1.905][DEBUG]: DEVTOOLS RESPONSE Runtime.evaluate (id=45) {
   "result": {
      "type": "object",
      "value": {
         "status": 0,
         "value": null
      }
   },
   "wasThrown": false
}
[1.907][DEBUG]: DEVTOOLS COMMAND Input.dispatchKeyEvent (id=46) {
   "modifiers": 0,
   "nativeVirtualKeyCode": 65,
   "text": "",
   "type": "rawKeyDown",
   "unmodifiedText": "",
   "windowsVirtualKeyCode": 65
}
[1.908][DEBUG]: DEVTOOLS RESPONSE Input.dispatchKeyEvent (id=46) {

}
[1.908][DEBUG]: DEVTOOLS COMMAND Input.dispatchKeyEvent (id=47) {
   "modifiers": 0,
   "nativeVirtualKeyCode": 0,
   "text": "a",
   "type": "char",
   "unmodifiedText": "a",
   "windowsVirtualKeyCode": 0
}
[1.908][DEBUG]: DEVTOOLS RESPONSE Input.dispatchKeyEvent (id=47) {

}
[1.908][DEBUG]: DEVTOOLS COMMAND Input.dispatchKeyEvent (id=48) {
   "modifiers": 0,
   "nativeVirtualKeyCode": 65,
   "text": "",
   "type": "keyUp",
   "unmodifiedText": "",
   "windowsVirtualKeyCode": 65
}
[1.908][DEBUG]: DEVTOOLS RESPONSE Input.dispatchKeyEvent (id=48) {

}
[1.908][INFO]: Waiting for pending navigations...
[1.908][DEBUG]: DEVTOOLS COMMAND Runtime.evaluate (id=49) {
   "expression": "1"
}
[1.912][DEBUG]: DEVTOOLS RESPONSE Runtime.evaluate (id=49) {
   "result": {
      "description": "1",
      "type": "number",
      "value": 1
   },
   "wasThrown": false
}
[1.912][INFO]: Done waiting for pending navigations. Status: ok
[1.912][INFO]: RESPONSE TypeElement
[1.913][INFO]: COMMAND FindElement {
   "sessionId": "7bc6dc9be9b27389fca1e282a80ad4ee",
   "using": "css selector",
   "value": ".has-error"
}
[1.913][INFO]: Waiting for pending navigations...
[1.913][DEBUG]: DEVTOOLS COMMAND Runtime.evaluate (id=50) {
   "expression": "1"
}
[1.913][DEBUG]: DEVTOOLS RESPONSE Runtime.evaluate (id=50) {
   "result": {
      "description": "1",
      "type": "number",
      "value": 1
   },
   "wasThrown": false
}
[1.913][INFO]: Done waiting for pending navigations. Status: ok
[1.914][DEBUG]: DEVTOOLS COMMAND Runtime.evaluate (id=51) {
   "expression": "(function() { // Copyright (c) 2012 The Chromium Authors. All rights reserved.\n// Use of this source code is governed by a BSD-style license that can be\n// found in the LICENSE file.\n\n/**\n * Enum f...",
   "returnByValue": true
}
[1.926][DEBUG]: DEVTOOLS RESPONSE Runtime.evaluate (id=51) {
   "result": {
      "type": "object",
      "value": {
         "status": 0,
         "value": {
            "ELEMENT": "0.5948297181459501-1"
         }
      }
   },
   "wasThrown": false
}
[1.926][INFO]: Waiting for pending navigations...
[1.926][DEBUG]: DEVTOOLS COMMAND Runtime.evaluate (id=52) {
   "expression": "1"
}
[1.928][DEBUG]: DEVTOOLS RESPONSE Runtime.evaluate (id=52) {
   "result": {
      "description": "1",
      "type": "number",
      "value": 1
   },
   "wasThrown": false
}
[1.928][INFO]: Done waiting for pending navigations. Status: ok
[1.928][INFO]: RESPONSE FindElement {
   "ELEMENT": "0.5948297181459501-1"
}
[1.929][INFO]: COMMAND IsElementDisplayed {
   "id": "0.5948297181459501-1"
}
[1.929][INFO]: Waiting for pending navigations...
[1.929][DEBUG]: DEVTOOLS COMMAND Runtime.evaluate (id=53) {
   "expression": "1"
}
[1.930][DEBUG]: DEVTOOLS RESPONSE Runtime.evaluate (id=53) {
   "result": {
      "description": "1",
      "type": "number",
      "value": 1
   },
   "wasThrown": false
}
[1.930][INFO]: Done waiting for pending navigations. Status: ok
[1.930][DEBUG]: DEVTOOLS COMMAND Runtime.evaluate (id=54) {
   "expression": "(function() { // Copyright (c) 2012 The Chromium Authors. All rights reserved.\n// Use of this source code is governed by a BSD-style license that can be\n// found in the LICENSE file.\n\n/**\n * Enum f...",
   "returnByValue": true
}
[1.939][DEBUG]: DEVTOOLS RESPONSE Runtime.evaluate (id=54) {
   "result": {
      "type": "object",
      "value": {
         "status": 0,
         "value": false
      }
   },
   "wasThrown": false
}
[1.939][INFO]: Waiting for pending navigations...
[1.939][DEBUG]: DEVTOOLS COMMAND Runtime.evaluate (id=55) {
   "expression": "1"
}
[1.940][DEBUG]: DEVTOOLS RESPONSE Runtime.evaluate (id=55) {
   "result": {
      "description": "1",
      "type": "number",
      "value": 1
   },
   "wasThrown": false
}
[1.940][INFO]: Done waiting for pending navigations. Status: ok
[1.940][INFO]: RESPONSE IsElementDisplayed false
[1.941][INFO]: COMMAND Quit {

}
[1.992][INFO]: RESPONSE Quit
[1.992][DEBUG]: Log type 'driver' lost 0 entries on destruction
[1.992][DEBUG]: Log type 'browser' lost 1 entries on destruction
